
Sat, Jul  8, 2017  1:41:39 PM
Assets/Scripts/AnagramView.cs(8,10): error CS0246: The type or namespace name `LetterInputView' could not be found. Are you missing `Finegamedesign.Utils' using directive?

Sat, Jul  8, 2017  1:43:12 PM
Assets/Scripts/LetterInputModel.cs(29,30): error CS0103: The name `letters' does not exist in the current context

Assets/Scripts/LetterInputView.cs(23,29): error CS1502: The best overloaded method match for `Finegamedesign.Utils.SceneNodeView.GetChildrenByPattern(UnityEngine.GameObject, string, int)' has some invalid arguments

Assets/Scripts/LetterInputView.cs(23,50): error CS1503: Argument `#1' cannot convert `Finegamedesign.Utils.LetterInputView' expression to type `UnityEngine.GameObject'

Sat, Jul  8, 2017  1:53:40 PM
Assets/Scripts/LetterInputController.cs(27,18): error CS0117: `Finegamedesign.Utils.AnimationView' does not contain a definition for `SetStates'

ssets/Scripts/LetterInputController.cs(28,13): error CS0117: `Finegamedesign.Utils.TextView' does not contain a definition for `SetTexts'


Sat, Jul  8, 2017  1:59:30 PM
Assets/Scripts/LetterInputController.cs(27,18): error CS1502: The best overloaded method match for `Finegamedesign.Utils.AnimationView.SetStates(System.Collections.Generic.List<UnityEngine.GameObject>, System.Collections.Generic.List<string>)' has some invalid arguments

Assets/Scripts/LetterInputController.cs(27,33): error CS1503: Argument `#1' cannot convert `Finegamedesign.Utils.WordView' expression to type `System.Collections.Generic.List<UnityEngine.GameObject>'

Assets/Scripts/LetterInputController.cs(28,13): error CS1502: The best overloaded method match for `Finegamedesign.Utils.TextView.SetTexts(System.Collections.Generic.List<UnityEngine.GameObject>, System.Collections.Generic.List<string>)' has some invalid arguments

Assets/Scripts/LetterInputController.cs(28,27): error CS1503: Argument `#1' cannot convert `Finegamedesign.Utils.WordView' expression to type `System.Collections.Generic.List<UnityEngine.GameObject>'

Sat, Jul  8, 2017  2:02:52 PM
NullReferenceException: Object reference not set to an instance of an object
Finegamedesign.Utils.LetterInputController.UpdateButtons () (at Assets/Scripts/LetterInputController.cs:32)
Finegamedesign.Utils.LetterInputController.Update () (at Assets/Scripts/LetterInputController.cs:27)
Finegamedesign.WordSizzle.AnagramView.Update () (at Assets/Scripts/AnagramView.cs:27)

Sat, Jul  8, 2017  2:05:13 PM
ArgumentOutOfRangeException: Argument is out of range.
Parameter name: index
System.Collections.Generic.List`1[UnityEngine.GameObject].get_Item (Int32 index) (at /Users/builduser/buildslave/mono/build/mcs/class/corlib/System.Collections.Generic/List.cs:633)
Finegamedesign.Utils.AnimationView.SetStates (System.Collections.Generic.List`1 animatorOwner, System.Collections.Generic.List`1 states) (at Assets/UnityToykit/AnimationView.cs:68)
Finegamedesign.Utils.LetterInputController.UpdateButtons () (at Assets/Scripts/LetterInputController.cs:32)
Finegamedesign.Utils.LetterInputController.Update () (at Assets/Scripts/LetterInputController.cs:27)
Finegamedesign.WordSizzle.AnagramView.Update () (at Assets/Scripts/AnagramView.cs:28)


Sat, Jul  8, 2017  2:14:42 PM
ArgumentOutOfRangeException: Argument is out of range.
Parameter name: index
System.Collections.Generic.List`1[UnityEngine.GameObject].get_Item (Int32 index) (at /Users/builduser/buildslave/mono/build/mcs/class/corlib/System.Collections.Generic/List.cs:633)
Finegamedesign.Utils.AnimationView.SetStates (System.Collections.Generic.List`1 animatorOwners, System.Collections.Generic.List`1 states) (at Assets/UnityToykit/AnimationView.cs:68)
Finegamedesign.Utils.LetterInputController.UpdateButtons () (at Assets/Scripts/LetterInputController.cs:33)
Finegamedesign.Utils.LetterInputController.Update () (at Assets/Scripts/LetterInputController.cs:28)
Finegamedesign.WordSizzle.AnagramView.Update () (at Assets/Scripts/AnagramView.cs:28)


Sat, Jul  8, 2017  2:16:55 PM
ArgumentOutOfRangeException: Argument is out of range.
Parameter name: index
System.Collections.Generic.List`1[UnityEngine.GameObject].get_Item (Int32 index) (at /Users/builduser/buildslave/mono/build/mcs/class/corlib/System.Collections.Generic/List.cs:633)
Finegamedesign.Utils.TextView.SetTexts (System.Collections.Generic.List`1 textOwners, System.Collections.Generic.List`1 texts) (at Assets/UnityToykit/TextView.cs:59)
Finegamedesign.Utils.LetterInputController.UpdateButtons () (at Assets/Scripts/LetterInputController.cs:34)
Finegamedesign.Utils.LetterInputController.Update () (at Assets/Scripts/LetterInputController.cs:28)
Finegamedesign.WordSizzle.AnagramView.Update () (at Assets/Scripts/AnagramView.cs:28)

Sat, Jul  8, 2017  2:17:52 PM
1448ms AnimationView.SetState: Does animator exist? Canvas/LetterInputView/Pan/LetterContainer_0: begin
UnityEngine.Debug:Log(Object)
DebugUtil:Log(String) (at Assets/UnityToykit/DebugUtil.cs:17)
Finegamedesign.Utils.AnimationView:SetState(GameObject, String, Boolean, Boolean) (at Assets/UnityToykit/AnimationView.cs:57)
Finegamedesign.Utils.AnimationView:SetStates(List`1, List`1) (at Assets/UnityToykit/AnimationView.cs:68)
Finegamedesign.Utils.LetterInputController:UpdateButtons() (at Assets/Scripts/LetterInputController.cs:33)
Finegamedesign.Utils.LetterInputController:Update() (at Assets/Scripts/LetterInputController.cs:28)
Finegamedesign.WordSizzle.AnagramView:Update() (at Assets/Scripts/AnagramView.cs:28)

Sat, Jul  8, 2017  2:21:24 PM
Animator.GotoState: State could not be found
UnityEngine.Animator:Play(String)
Finegamedesign.Utils.AnimationView:SetState(GameObject, String, Boolean, Boolean) (at Assets/UnityToykit/AnimationView.cs:41)
Finegamedesign.Utils.AnimationView:SetStates(List`1, List`1) (at Assets/UnityToykit/AnimationView.cs:68)
Finegamedesign.Utils.LetterInputController:UpdateButtons() (at Assets/Scripts/LetterInputController.cs:33)
Finegamedesign.Utils.LetterInputController:Update() (at Assets/Scripts/LetterInputController.cs:28)
Finegamedesign.WordSizzle.AnagramView:Update() (at Assets/Scripts/AnagramView.cs:28)



Sat, Jul  8, 2017  2:56:40 PM
Assets/Editor/Tests/TestLetterInputModel.cs(12,29): error CS1061: Type `Finegamedesign.Utils.LetterInputModel' does not contain a definition for `texts' and no extension method `texts' of type `Finegamedesign.Utils.LetterInputModel' could be found. Are you missing an assembly reference?
 
(Filename: Assets/Editor/Tests/TestLetterInputModel.cs Line: 12)

Assets/Editor/Tests/TestLetterInputModel.cs(13,31): error CS1061: Type `Finegamedesign.Utils.LetterInputModel' does not contain a definition for `texts' and no extension method `texts' of type `Finegamedesign.Utils.LetterInputModel' could be found. Are you missing an assembly reference?
 
(Filename: Assets/Editor/Tests/TestLetterInputModel.cs Line: 13)

Assets/Editor/Tests/TestLetterInputModel.cs(14,31): error CS1061: Type `Finegamedesign.Utils.LetterInputModel' does not contain a definition for `texts' and no extension method `texts' of type `Finegamedesign.Utils.LetterInputModel' could be found. Are you missing an assembly reference?
 
(Filename: Assets/Editor/Tests/TestLetterInputModel.cs Line: 14)

Assets/Editor/Tests/TestLetterInputModel.cs(15,31): error CS1061: Type `Finegamedesign.Utils.LetterInputModel' does not contain a definition for `texts' and no extension method `texts' of type `Finegamedesign.Utils.LetterInputModel' could be found. Are you missing an assembly reference?
 
(Filename: Assets/Editor/Tests/TestLetterInputModel.cs Line: 15)

Assets/Editor/Tests/TestLetterInputModel.cs(16,29): error CS1061: Type `Finegamedesign.Utils.LetterInputModel' does not contain a definition for `states' and no extension method `states' of type `Finegamedesign.Utils.LetterInputModel' could be found. Are you missing an assembly reference?
 
(Filename: Assets/Editor/Tests/TestLetterInputModel.cs Line: 16)

Assets/Editor/Tests/TestLetterInputModel.cs(17,26): error CS1061: Type `Finegamedesign.Utils.LetterInputModel' does not contain a definition for `beginState' and no extension method `beginState' of type `Finegamedesign.Utils.LetterInputModel' could be found. Are you missing an assembly reference?
 
(Filename: Assets/Editor/Tests/TestLetterInputModel.cs Line: 17)

Assets/Editor/Tests/TestLetterInputModel.cs(17,44): error CS1061: Type `Finegamedesign.Utils.LetterInputModel' does not contain a definition for `states' and no extension method `states' of type `Finegamedesign.Utils.LetterInputModel' could be found. Are you missing an assembly reference?
 
(Filename: Assets/Editor/Tests/TestLetterInputModel.cs Line: 17)

Assets/Editor/Tests/TestLetterInputModel.cs(18,26): error CS1061: Type `Finegamedesign.Utils.LetterInputModel' does not contain a definition for `beginState' and no extension method `beginState' of type `Finegamedesign.Utils.LetterInputModel' could be found. Are you missing an assembly reference?
 
(Filename: Assets/Editor/Tests/TestLetterInputModel.cs Line: 18)

Assets/Editor/Tests/TestLetterInputModel.cs(18,44): error CS1061: Type `Finegamedesign.Utils.LetterInputModel' does not contain a definition for `states' and no extension method `states' of type `Finegamedesign.Utils.LetterInputModel' could be found. Are you missing an assembly reference?
 
(Filename: Assets/Editor/Tests/TestLetterInputModel.cs Line: 18)

Assets/Editor/Tests/TestLetterInputModel.cs(19,26): error CS1061: Type `Finegamedesign.Utils.LetterInputModel' does not contain a definition for `beginState' and no extension method `beginState' of type `Finegamedesign.Utils.LetterInputModel' could be found. Are you missing an assembly reference?
 
(Filename: Assets/Editor/Tests/TestLetterInputModel.cs Line: 19)

Assets/Editor/Tests/TestLetterInputModel.cs(19,44): error CS1061: Type `Finegamedesign.Utils.LetterInputModel' does not contain a definition for `states' and no extension method `states' of type `Finegamedesign.Utils.LetterInputModel' could be found. Are you missing an assembly reference?
 
(Filename: Assets/Editor/Tests/TestLetterInputModel.cs Line: 19)

Assets/Editor/Tests/TestLetterInputModel.cs(27,10): error CS1061: Type `Finegamedesign.Utils.LetterInputModel' does not contain a definition for `Add' and no extension method `Add' of type `Finegamedesign.Utils.LetterInputModel' could be found. Are you missing an assembly reference?
 
(Filename: Assets/Editor/Tests/TestLetterInputModel.cs Line: 27)

Assets/Editor/Tests/TestLetterInputModel.cs(28,26): error CS1061: Type `Finegamedesign.Utils.LetterInputModel' does not contain a definition for `beginState' and no extension method `beginState' of type `Finegamedesign.Utils.LetterInputModel' could be found. Are you missing an assembly reference?
 
(Filename: Assets/Editor/Tests/TestLetterInputModel.cs Line: 28)

Assets/Editor/Tests/TestLetterInputModel.cs(29,26): error CS1061: Type `Finegamedesign.Utils.LetterInputModel' does not contain a definition for `selectedState' and no extension method `selectedState' of type `Finegamedesign.Utils.LetterInputModel' could be found. Are you missing an assembly reference?
 
(Filename: Assets/Editor/Tests/TestLetterInputModel.cs Line: 29)

Assets/Editor/Tests/TestLetterInputModel.cs(30,26): error CS1061: Type `Finegamedesign.Utils.LetterInputModel' does not contain a definition for `beginState' and no extension method `beginState' of type `Finegamedesign.Utils.LetterInputModel' could be found. Are you missing an assembly reference?
 
(Filename: Assets/Editor/Tests/TestLetterInputModel.cs Line: 30)

Assets/Editor/Tests/TestLetterInputModel.cs(31,10): error CS1061: Type `Finegamedesign.Utils.LetterInputModel' does not contain a definition for `Add' and no extension method `Add' of type `Finegamedesign.Utils.LetterInputModel' could be found. Are you missing an assembly reference?
 
(Filename: Assets/Editor/Tests/TestLetterInputModel.cs Line: 31)

Assets/Editor/Tests/TestLetterInputModel.cs(32,26): error CS1061: Type `Finegamedesign.Utils.LetterInputModel' does not contain a definition for `beginState' and no extension method `beginState' of type `Finegamedesign.Utils.LetterInputModel' could be found. Are you missing an assembly reference?
 
(Filename: Assets/Editor/Tests/TestLetterInputModel.cs Line: 32)

Assets/Editor/Tests/TestLetterInputModel.cs(33,26): error CS1061: Type `Finegamedesign.Utils.LetterInputModel' does not contain a definition for `selectedState' and no extension method `selectedState' of type `Finegamedesign.Utils.LetterInputModel' could be found. Are you missing an assembly reference?
 
(Filename: Assets/Editor/Tests/TestLetterInputModel.cs Line: 33)

Assets/Editor/Tests/TestLetterInputModel.cs(34,26): error CS1061: Type `Finegamedesign.Utils.LetterInputModel' does not contain a definition for `beginState' and no extension method `beginState' of type `Finegamedesign.Utils.LetterInputModel' could be found. Are you missing an assembly reference?
 
(Filename: Assets/Editor/Tests/TestLetterInputModel.cs Line: 34)



Sat, Jul  8, 2017  3:40:19 PM
Assets/Scripts/LetterInputModel.cs(51,53): error CS1525: Unexpected symbol `}'
 
(Filename: Assets/Scripts/LetterInputModel.cs Line: 51)

Assets/Scripts/LetterInputModel.cs(69,42): error CS1525: Unexpected symbol `<', expecting `)', `,', `;', or `='
 
(Filename: Assets/Scripts/LetterInputModel.cs Line: 69)

Assets/Scripts/LetterInputModel.cs(69,69): error CS1525: Unexpected symbol `}'
 
(Filename: Assets/Scripts/LetterInputModel.cs Line: 69)


Sat, Jul  8, 2017  3:41:25 PM
Assets/Scripts/LetterInputController.cs(43,33): error CS1061: Type `Finegamedesign.Utils.LetterInputView' does not contain a definition for `selects' and no extension method `selects' of type `Finegamedesign.Utils.LetterInputView' could be found. Are you missing an assembly reference?
 
(Filename: Assets/Scripts/LetterInputController.cs Line: 43)

Assets/Scripts/LetterInputController.cs(44,27): error CS1061: Type `Finegamedesign.Utils.LetterInputView' does not contain a definition for `selects' and no extension method `selects' of type `Finegamedesign.Utils.LetterInputView' could be found. Are you missing an assembly reference?
 
(Filename: Assets/Scripts/LetterInputController.cs Line: 44)

Assets/Scripts/LetterInputModel.cs(71,25): error CS0103: The name `index' does not exist in the current context
 
(Filename: Assets/Scripts/LetterInputModel.cs Line: 71)

Assets/Scripts/LetterInputModel.cs(75,21): error CS0103: The name `index' does not exist in the current context
 
(Filename: Assets/Scripts/LetterInputModel.cs Line: 75)

Assets/Scripts/LetterInputModel.cs(76,20): error CS0103: The name `index' does not exist in the current context
 
(Filename: Assets/Scripts/LetterInputModel.cs Line: 76)


Sat, Jul  8, 2017  3:43:51 PM
Assets/Scripts/LetterInputModel.cs(71,25): error CS0103: The name `index' does not exist in the current context
 
(Filename: Assets/Scripts/LetterInputModel.cs Line: 71)

Assets/Scripts/LetterInputModel.cs(75,21): error CS0103: The name `index' does not exist in the current context
 
(Filename: Assets/Scripts/LetterInputModel.cs Line: 75)

Assets/Scripts/LetterInputModel.cs(76,20): error CS0103: The name `index' does not exist in the current context
 
(Filename: Assets/Scripts/LetterInputModel.cs Line: 76)

Sat, Jul  8, 2017  3:45:04 PM
Assets/Editor/Tests/TestLetterInputModel.cs(63,23): error CS0103: The name `input' does not exist in the current context
 
(Filename: Assets/Editor/Tests/TestLetterInputModel.cs Line: 63)

Assets/Editor/Tests/TestLetterInputModel.cs(64,20): error CS0103: The name `input' does not exist in the current context
 
(Filename: Assets/Editor/Tests/TestLetterInputModel.cs Line: 64)

Assets/Editor/Tests/TestLetterInputModel.cs(64,38): error CS0103: The name `input' does not exist in the current context
 
(Filename: Assets/Editor/Tests/TestLetterInputModel.cs Line: 64)

Assets/Editor/Tests/TestLetterInputModel.cs(65,20): error CS0103: The name `input' does not exist in the current context
 
(Filename: Assets/Editor/Tests/TestLetterInputModel.cs Line: 65)

Assets/Editor/Tests/TestLetterInputModel.cs(65,38): error CS0103: The name `input' does not exist in the current context
 
(Filename: Assets/Editor/Tests/TestLetterInputModel.cs Line: 65)

Assets/Editor/Tests/TestLetterInputModel.cs(66,20): error CS0103: The name `input' does not exist in the current context
 
(Filename: Assets/Editor/Tests/TestLetterInputModel.cs Line: 66)

Assets/Editor/Tests/TestLetterInputModel.cs(66,38): error CS0103: The name `input' does not exist in the current context
 
(Filename: Assets/Editor/Tests/TestLetterInputModel.cs Line: 66)

Assets/Editor/Tests/TestLetterInputModel.cs(67,23): error CS0103: The name `input' does not exist in the current context
 
(Filename: Assets/Editor/Tests/TestLetterInputModel.cs Line: 67)

Assets/Editor/Tests/TestLetterInputModel.cs(68,20): error CS0103: The name `input' does not exist in the current context
 
(Filename: Assets/Editor/Tests/TestLetterInputModel.cs Line: 68)

Assets/Editor/Tests/TestLetterInputModel.cs(68,38): error CS0103: The name `input' does not exist in the current context
 
(Filename: Assets/Editor/Tests/TestLetterInputModel.cs Line: 68)

Assets/Editor/Tests/TestLetterInputModel.cs(69,20): error CS0103: The name `input' does not exist in the current context
 
(Filename: Assets/Editor/Tests/TestLetterInputModel.cs Line: 69)

Assets/Editor/Tests/TestLetterInputModel.cs(69,38): error CS0103: The name `input' does not exist in the current context
 
(Filename: Assets/Editor/Tests/TestLetterInputModel.cs Line: 69)

Assets/Editor/Tests/TestLetterInputModel.cs(70,20): error CS0103: The name `input' does not exist in the current context
 
(Filename: Assets/Editor/Tests/TestLetterInputModel.cs Line: 70)

Assets/Editor/Tests/TestLetterInputModel.cs(70,38): error CS0103: The name `input' does not exist in the current context
 
(Filename: Assets/Editor/Tests/TestLetterInputModel.cs Line: 70)


Sat, Jul  8, 2017  3:53:43 PM

AddFirstThenRepeat (0.017s)
---
Expected string length 5 but was 8. Strings differ at index 0.
  Expected: "begin"
  But was:  "selected"
  -----------^
---
at Finegamedesign.Utils.TestLetterInputModel.AddFirstThenRepeat () [0x00107] in C:\Users\Ethan\workspace\word-sizzle\Assets\Editor\Tests\TestLetterInputModel.cs:39


Sat, Jul  8, 2017  3:57:21 PM
Assets/Editor/Tests/TestLetterInputModel.cs(102,29): error CS1061: Type `Finegamedesign.Utils.LetterInputModel' does not contain a definition for `texts' and no extension method `texts' of type `Finegamedesign.Utils.LetterInputModel' could be found. Are you missing an assembly reference?
 
(Filename: Assets/Editor/Tests/TestLetterInputModel.cs Line: 102)



Sat, Jul 15, 2017 10:34:13 AM
Assets/Scripts/AnagramController.cs(12,3): error CS9010: Primary constructor body is not allowed

		public void Setup();


Sat, Jul 15, 2017 10:34:42 AM
Assets/Scripts/AnagramController.cs(26,28): error CS1061: Type `Finegamedesign.WordSizzle.AnagramModel' does not contain a definition for `view' and no extension method `view' of type `Finegamedesign.WordSizzle.AnagramModel' could be found. Are you missing an assembly reference?


			model.selection = model.view.input.controller.model.selection;


Sat, Jul 15, 2017 11:14:49 AM
Assets/Scripts/AnagramController.cs(26,4): error CS0103: The name `AnimationView' does not exist in the current context


Sat, Jul 15, 2017 11:17:02 AM
NullReferenceException: Object reference not set to an instance of an object
Finegamedesign.WordSizzle.AnagramView.Setup () (at Assets/Scripts/AnagramView.cs:28)
Finegamedesign.WordSizzle.AnagramView.Start () (at Assets/Scripts/AnagramView.cs:15)



Sat, Jul 15, 2017 12:06:55 PM
Assets/Scripts/LetterInputModel.cs(58,2): error CS1525: Unexpected symbol `}'

Sat, Jul 15, 2017 12:08:50 PM
Assets/UnityToykit/KeyView.cs(43,17): error CS0246: The type or namespace name `List' could not be found. Are you missing `System.Collections.Generic' or `Boo.Lang' using directive?


Sat, Jul 15, 2017 12:22:02 PM
Assets/Editor/Tests/TestLetterInputModel.cs(32,26): error CS1061: Type `Finegamedesign.Utils.LetterInputModel' does not contain a definition for `selectedState' and no extension method `selectedState' of type `Finegamedesign.Utils.LetterInputModel' could be found. Are you missing an assembly reference?


Sat, Jul 15, 2017  1:04:44 PM
Assets/Scripts/AnagramModel.cs(42,24): error CS1061: Type `Finegamedesign.Utils.Words' does not contain a definition for `ContainsKey' and no extension method `ContainsKey' of type `Finegamedesign.Utils.Words' could be found. Are you missing an assembly reference?
 
(Filename: Assets/Scripts/AnagramModel.cs Line: 42)

Assets/Scripts/Words.cs(13,8): error CS0103: The name `words' does not exist in the current context
 
(Filename: Assets/Scripts/Words.cs Line: 13)

Assets/Scripts/Words.cs(15,12): error CS0103: The name `words' does not exist in the current context
 
(Filename: Assets/Scripts/Words.cs Line: 15)

Assets/Scripts/Words.cs(15,5): error CS0127: `Finegamedesign.Utils.Words.Setup()': A return keyword must not be followed by any expression when method returns void
 
(Filename: Assets/Scripts/Words.cs Line: 15)


Sat, Jul 15, 2017  1:06:48 PM
Assets/Scripts/Words.cs(15,5): error CS0127: `Finegamedesign.Utils.Words.Setup()': A return keyword must not be followed by any expression when method returns void
 
(Filename: Assets/Scripts/Words.cs Line: 15)



Sat, Jul 15, 2017  1:43:51 PM
NullReferenceException: Object reference not set to an instance of an object
  at Finegamedesign.Utils.WordLevels.Current () [0x0000d] in C:\Users\Ethan\workspace\word-sizzle\Assets\Scripts\WordLevels.cs:30 
  at Finegamedesign.WordSizzle.AnagramModel.Setup () [0x00013] in C:\Users\Ethan\workspace\word-sizzle\Assets\Scripts\AnagramModel.cs:24 
  at Finegamedesign.WordSizzle.AnagramController.Setup () [0x00017] in C:\Users\Ethan\workspace\word-sizzle\Assets\Scripts\AnagramController.cs:14 
  at Finegamedesign.WordSizzle.AnagramView.Setup () [0x00078] in C:\Users\Ethan\workspace\word-sizzle\Assets\Scripts\AnagramView.cs:30 
  at Finegamedesign.WordSizzle.AnagramView.Start () [0x00002] in C:\Users\Ethan\workspace\word-sizzle\Assets\Scripts\AnagramView.cs:15 
 
(Filename: Assets/Scripts/WordLevels.cs Line: 30)



Sat, Jul 15, 2017  1:46:43 PM
ArgumentOutOfRangeException: Argument is out of range.
Parameter name: index
  at System.Collections.Generic.List`1[UnityEngine.GameObject].get_Item (Int32 index) [0x0000c] in /Users/builduser/buildslave/mono/build/mcs/class/corlib/System.Collections.Generic/List.cs:633 
  at Finegamedesign.Utils.AnimationView.SetStates (System.Collections.Generic.List`1 animatorOwners, System.Collections.Generic.List`1 states) [0x00012] in C:\Users\Ethan\workspace\word-sizzle\Assets\UnityToykit\AnimationView.cs:68 
  at Finegamedesign.Utils.LetterInputController.UpdateLetters () [0x00021] in C:\Users\Ethan\workspace\word-sizzle\Assets\Scripts\LetterInputController.cs:40 
  at Finegamedesign.Utils.LetterInputController.Update () [0x00008] in C:\Users\Ethan\workspace\word-sizzle\Assets\Scripts\LetterInputController.cs:30 
  at Finegamedesign.WordSizzle.AnagramController.Update (Single deltaTime) [0x00011] in C:\Users\Ethan\workspace\word-sizzle\Assets\Scripts\AnagramController.cs:26 
  at Finegamedesign.WordSizzle.AnagramView.Update () [0x0000c] in C:\Users\Ethan\workspace\word-sizzle\Assets\Scripts\AnagramView.cs:35 
 
(Filename: /Users/builduser/buildslave/mono/build/mcs/class/corlib/System.Collections.Generic/List.cs Line: 633)



Sat, Jul 15, 2017  2:04:43 PM
Assets/Scripts/LevelResultController.cs(39,3): error CS1525: Unexpected symbol `AnimationView'
 
(Filename: Assets/Scripts/LevelResultController.cs Line: 39)


Sat, Jul 15, 2017  2:09:35 PM
Assets/Scripts/LevelResultController.cs(10,10): error CS0246: The type or namespace name `InputController' could not be found. Are you missing an assembly reference?
 
(Filename: Assets/Scripts/LevelResultController.cs Line: 10)



Sat, Jul 15, 2017  2:10:44 PM
Assets/Scripts/AnagramController.cs(13,16): error CS1061: Type `Finegamedesign.WordSizzle.LevelResultView' does not contain a definition for `model' and no extension method `model' of type `Finegamedesign.WordSizzle.LevelResultView' could be found. Are you missing an assembly reference?
 
(Filename: Assets/Scripts/AnagramController.cs Line: 13)

Assets/Scripts/LevelResultController.cs(15,15): error CS1061: Type `Finegamedesign.Utils.ButtonView' does not contain a definition for `listen' and no extension method `listen' of type `Finegamedesign.Utils.ButtonView' could be found. Are you missing an assembly reference?
 
(Filename: Assets/Scripts/LevelResultController.cs Line: 15)

Assets/Scripts/LevelResultController.cs(21,21): error CS1061: Type `Finegamedesign.WordSizzle.LevelResultView' does not contain a definition for `result' and no extension method `result' of type `Finegamedesign.WordSizzle.LevelResultView' could be found. Are you missing an assembly reference?
 
(Filename: Assets/Scripts/LevelResultController.cs Line: 21)

Assets/Scripts/LevelResultController.cs(26,32): error CS1061: Type `Finegamedesign.WordSizzle.LevelResultView' does not contain a definition for `result' and no extension method `result' of type `Finegamedesign.WordSizzle.LevelResultView' could be found. Are you missing an assembly reference?
 
(Filename: Assets/Scripts/LevelResultController.cs Line: 26)

Assets/Scripts/LevelResultView.cs(17,17): error CS0103: The name `SceneNodeView' does not exist in the current context
 
(Filename: Assets/Scripts/LevelResultView.cs Line: 17)



Sat, Jul 15, 2017  2:19:35 PM
Assets/Scripts/AnagramController.cs(13,16): error CS1061: Type `Finegamedesign.WordSizzle.LevelResultView' does not contain a definition for `model' and no extension method `model' of type `Finegamedesign.WordSizzle.LevelResultView' could be found. Are you missing an assembly reference?
 
(Filename: Assets/Scripts/AnagramController.cs Line: 13)

Assets/Scripts/LevelResultController.cs(15,15): error CS1061: Type `Finegamedesign.Utils.ButtonView' does not contain a definition for `listen' and no extension method `listen' of type `Finegamedesign.Utils.ButtonView' could be found. Are you missing an assembly reference?
 
(Filename: Assets/Scripts/LevelResultController.cs Line: 15)

Assets/Scripts/LevelResultView.cs(17,17): error CS0103: The name `SceneNodeView' does not exist in the current context
 
(Filename: Assets/Scripts/LevelResultView.cs Line: 17)


Sat, Jul 15, 2017  4:58:23 PM
Assets/Scripts/LevelResultController.cs(15,10): error CS1061: Type `Finegamedesign.Utils.ButtonController' does not contain a definition for `listen' and no extension method `listen' of type `Finegamedesign.Utils.ButtonController' could be found. Are you missing an assembly reference?
 
(Filename: Assets/Scripts/LevelResultController.cs Line: 15)

Assets/Scripts/LevelResultView.cs(17,17): error CS0103: The name `SceneNodeView' does not exist in the current context
 
(Filename: Assets/Scripts/LevelResultView.cs Line: 17)

Sat, Jul 15, 2017  5:03:19 PM

Assets/Scripts/LevelResultController.cs(15,10): error CS1061: Type `Finegamedesign.Utils.ButtonController' does not contain a definition for `Listen' and no extension method `Listen' of type `Finegamedesign.Utils.ButtonController' could be found. Are you missing an assembly reference?
 
(Filename: Assets/Scripts/LevelResultController.cs Line: 15)

Assets/Scripts/LevelResultView.cs(17,17): error CS0103: The name `SceneNodeView' does not exist in the current context
 
(Filename: Assets/Scripts/LevelResultView.cs Line: 17)

Sat, Jul 15, 2017  5:04:01 PM
Assets/Scripts/LevelResultView.cs(17,17): error CS0103: The name `SceneNodeView' does not exist in the current context
 
(Filename: Assets/Scripts/LevelResultView.cs Line: 17)


Sat, Jul 15, 2017  5:05:17 PM

InvalidOperationException: Expected child <NextButton> in <Canvas/LevelResult>
  at Finegamedesign.Utils.SceneNodeView.GetChild (UnityEngine.GameObject parent, System.String name, UnityEngine.GameObject overrideChild) [0x0005f] in C:\Users\Ethan\workspace\word-sizzle\Assets\UnityToykit\SceneNodeView.cs:30 
  at Finegamedesign.WordSizzle.LevelResultView.Setup () [0x00032] in C:\Users\Ethan\workspace\word-sizzle\Assets\Scripts\LevelResultView.cs:18 
  at Finegamedesign.WordSizzle.AnagramView.Setup () [0x00061] in C:\Users\Ethan\workspace\word-sizzle\Assets\Scripts\AnagramView.cs:28 
  at Finegamedesign.WordSizzle.AnagramView.Start () [0x00002] in C:\Users\Ethan\workspace\word-sizzle\Assets\Scripts\AnagramView.cs:15 
 
(Filename: Assets/UnityToykit/SceneNodeView.cs Line: 30)


Sat, Jul 15, 2017  5:46:51 PM
Assets/Scripts/LetterInputModel.cs(47,20): error CS0103: The name `end' does not exist in the current context
 
(Filename: Assets/Scripts/LetterInputModel.cs Line: 47)

Assets/Scripts/LetterInputModel.cs(47,42): error CS0103: The name `end' does not exist in the current context
 
(Filename: Assets/Scripts/LetterInputModel.cs Line: 47)

Assets/Scripts/LetterInputModel.cs(58,20): error CS0103: The name `end' does not exist in the current context
 
(Filename: Assets/Scripts/LetterInputModel.cs Line: 58)

Assets/Scripts/LetterInputModel.cs(58,42): error CS0103: The name `end' does not exist in the current context
 
(Filename: Assets/Scripts/LetterInputModel.cs Line: 58)

Refresh: detecting if any assets need to be imported or removed ... Refresh: elapses 0.005226 seconds (Nothing changed)
